0 info it worked if it ends with ok
1 verbose cli [ 'C:\\Program Files\\nodejs\\node.exe',
1 verbose cli   'C:\\Program Files\\nodejs\\node_modules\\npm\\bin\\npm-cli.js',
1 verbose cli   'publish',
1 verbose cli   'vue_team_tree_pc@1.0.0' ]
2 info using npm@3.10.10
3 info using node@v6.10.3
4 verbose publish [ 'vue_team_tree_pc@1.0.0' ]
5 silly cache add args [ 'vue_team_tree_pc@1.0.0', null ]
6 verbose cache add spec vue_team_tree_pc@1.0.0
7 silly cache add parsed spec Result {
7 silly cache add   raw: 'vue_team_tree_pc@1.0.0',
7 silly cache add   scope: null,
7 silly cache add   escapedName: 'vue_team_tree_pc',
7 silly cache add   name: 'vue_team_tree_pc',
7 silly cache add   rawSpec: '1.0.0',
7 silly cache add   spec: '1.0.0',
7 silly cache add   type: 'version' }
8 silly addNamed vue_team_tree_pc@1.0.0
9 verbose addNamed "1.0.0" is a plain semver version for vue_team_tree_pc
10 silly mapToRegistry name vue_team_tree_pc
11 silly mapToRegistry using default registry
12 silly mapToRegistry registry http://registry.npmjs.org/
13 silly mapToRegistry data Result {
13 silly mapToRegistry   raw: 'vue_team_tree_pc',
13 silly mapToRegistry   scope: null,
13 silly mapToRegistry   escapedName: 'vue_team_tree_pc',
13 silly mapToRegistry   name: 'vue_team_tree_pc',
13 silly mapToRegistry   rawSpec: '',
13 silly mapToRegistry   spec: 'latest',
13 silly mapToRegistry   type: 'tag' }
14 silly mapToRegistry uri http://registry.npmjs.org/vue_team_tree_pc
15 verbose addNameVersion registry:http://registry.npmjs.org/vue_team_tree_pc not in flight; fetching
16 verbose request uri http://registry.npmjs.org/vue_team_tree_pc
17 verbose request no auth needed
18 info attempt registry request try #1 at 15:32:47
19 verbose request using bearer token for auth
20 verbose request id ead3a1f9fe069dc4
21 http request GET http://registry.npmjs.org/vue_team_tree_pc
22 http 404 http://registry.npmjs.org/vue_team_tree_pc
23 verbose headers { 'content-type': 'application/json',
23 verbose headers   'cache-control': 'max-age=0',
23 verbose headers   'content-length': '2',
23 verbose headers   'accept-ranges': 'bytes',
23 verbose headers   date: 'Sat, 09 Sep 2017 07:35:16 GMT',
23 verbose headers   via: '1.1 varnish',
23 verbose headers   connection: 'keep-alive',
23 verbose headers   'x-served-by': 'cache-nrt6129-NRT',
23 verbose headers   'x-cache': 'MISS',
23 verbose headers   'x-cache-hits': '0',
23 verbose headers   'x-timer': 'S1504942516.042867,VS0,VE947',
23 verbose headers   vary: 'Accept-Encoding' }
24 silly get cb [ 404,
24 silly get   { 'content-type': 'application/json',
24 silly get     'cache-control': 'max-age=0',
24 silly get     'content-length': '2',
24 silly get     'accept-ranges': 'bytes',
24 silly get     date: 'Sat, 09 Sep 2017 07:35:16 GMT',
24 silly get     via: '1.1 varnish',
24 silly get     connection: 'keep-alive',
24 silly get     'x-served-by': 'cache-nrt6129-NRT',
24 silly get     'x-cache': 'MISS',
24 silly get     'x-cache-hits': '0',
24 silly get     'x-timer': 'S1504942516.042867,VS0,VE947',
24 silly get     vary: 'Accept-Encoding' } ]
25 verbose stack Error: Registry returned 404 for GET on http://registry.npmjs.org/vue_team_tree_pc
25 verbose stack     at makeError (C:\Program Files\nodejs\node_modules\npm\node_modules\npm-registry-client\lib\request.js:302:12)
25 verbose stack     at CachingRegistryClient.<anonymous> (C:\Program Files\nodejs\node_modules\npm\node_modules\npm-registry-client\lib\request.js:280:14)
25 verbose stack     at Request._callback (C:\Program Files\nodejs\node_modules\npm\node_modules\npm-registry-client\lib\request.js:210:14)
25 verbose stack     at Request.self.callback (C:\Program Files\nodejs\node_modules\npm\node_modules\request\request.js:187:22)
25 verbose stack     at emitTwo (events.js:106:13)
25 verbose stack     at Request.emit (events.js:191:7)
25 verbose stack     at Request.<anonymous> (C:\Program Files\nodejs\node_modules\npm\node_modules\request\request.js:1048:10)
25 verbose stack     at emitOne (events.js:96:13)
25 verbose stack     at Request.emit (events.js:188:7)
25 verbose stack     at IncomingMessage.<anonymous> (C:\Program Files\nodejs\node_modules\npm\node_modules\request\request.js:969:12)
26 verbose statusCode 404
27 verbose pkgid vue_team_tree_pc
28 verbose cwd F:\vue-team-tree
29 error Windows_NT 6.1.7601
30 error argv "C:\\Program Files\\nodejs\\node.exe" "C:\\Program Files\\nodejs\\node_modules\\npm\\bin\\npm-cli.js" "publish" "vue_team_tree_pc@1.0.0"
31 error node v6.10.3
32 error npm  v3.10.10
33 error code E404
34 error 404 Registry returned 404 for GET on http://registry.npmjs.org/vue_team_tree_pc
35 error 404
36 error 404 'vue_team_tree_pc' is not in the npm registry.
37 error 404 You should bug the author to publish it (or use the name yourself!)
38 error 404 Note that you can also install from a
39 error 404 tarball, folder, http url, or git url.
40 verbose exit [ 1, true ]
